Using pre-set license
Built from '2020.2/release' branch; Version is '2020.2.1f1 (270dd8c3da1c) revision 2559448'; Using compiler version '192528614'; Build Type 'Release'
OS: 'Windows 10  (10.0.0) 64bit' Language: 'en' Physical Memory: 16277 MB
BatchMode: 1, IsHumanControllingUs: 0, StartBugReporterOnCrash: 0, Is64bit: 1, IsPro: 0

 COMMAND LINE ARGUMENTS:
C:\Program Files\Unity\Hub\Editor\2020.2.1f1\Editor\Unity.exe
-adb2
-batchMode
-noUpm
-name
AssetImportWorker0
-projectPath
D:/Git/project-beast
-logFile
Logs/AssetImportWorker0.log
-srvPort
49437
Successfully changed project path to: D:/Git/project-beast
D:/Git/project-beast
Using Asset Import Pipeline V2.
Refreshing native plugins compatible for Editor in 27.22 ms, found 0 plugins.
Preloading 0 native plugins for Editor in 0.00 ms.
Initialize engine version: 2020.2.1f1 (270dd8c3da1c)
[Subsystems] Discovering subsystems at path C:/Program Files/Unity/Hub/Editor/2020.2.1f1/Editor/Data/Resources/UnitySubsystems
[Subsystems] Discovering subsystems at path D:/Git/project-beast/Assets
GfxDevice: creating device client; threaded=0
Direct3D:
    Version:  Direct3D 11.0 [level 11.1]
    Renderer: NVIDIA GeForce RTX 3060 (ID=0x2504)
    Vendor:   
    VRAM:     12142 MB
    Driver:   30.0.15.1295
Initialize mono
Mono path[0] = 'C:/Program Files/Unity/Hub/Editor/2020.2.1f1/Editor/Data/Managed'
Mono path[1] = 'C:/Program Files/Unity/Hub/Editor/2020.2.1f1/Editor/Data/MonoBleedingEdge/lib/mono/unityjit'
Mono config path = 'C:/Program Files/Unity/Hub/Editor/2020.2.1f1/Editor/Data/MonoBleedingEdge/etc'
Using monoOptions --debugger-agent=transport=dt_socket,embedding=1,server=y,suspend=n,address=127.0.0.1:56724
Begin MonoManager ReloadAssembly
Registering precompiled unity dll's ...
Register platform support module: C:/Program Files/Unity/Hub/Editor/2020.2.1f1/Editor/Data/PlaybackEngines/WindowsStandaloneSupport/UnityEditor.WindowsStandalone.Extensions.dll
Registered in 0.002009 seconds.
Native extension for WindowsStandalone target not found
Refreshing native plugins compatible for Editor in 26.52 ms, found 0 plugins.
Preloading 0 native plugins for Editor in 0.00 ms.
Invoked RoslynAnalysisRunner static constructor.
RoslynAnalysisRunner will not be running.
RoslynAnalysisRunner has terminated.
Mono: successfully reloaded assembly
- Completed reload, in  0.968 seconds
Platform modules already initialized, skipping
Registering precompiled user dll's ...
Registered in 0.000668 seconds.
Begin MonoManager ReloadAssembly
Native extension for WindowsStandalone target not found
Refreshing native plugins compatible for Editor in 0.28 ms, found 0 plugins.
Preloading 0 native plugins for Editor in 0.00 ms.
Invoked RoslynAnalysisRunner static constructor.
RoslynAnalysisRunner will not be running.
RoslynAnalysisRunner has terminated.
Mono: successfully reloaded assembly
- Completed reload, in  0.736 seconds
Platform modules already initialized, skipping
========================================================================
Worker process is ready to serve import requests
Launched and connected shader compiler UnityShaderCompiler.exe after 0.04 seconds
Refreshing native plugins compatible for Editor in 0.28 ms, found 0 plugins.
Preloading 0 native plugins for Editor in 0.00 ms.
Unloading 1512 Unused Serialized files (Serialized files now loaded: 0)
System memory in use before: 74.1 MB.
System memory in use after: 74.1 MB.

Unloading 10 unused Assets to reduce memory usage. Loaded Objects now: 1958.
Total: 1.866100 ms (FindLiveObjects: 0.277100 ms CreateObjectMapping: 0.114700 ms MarkObjects: 1.407100 ms  DeleteObjects: 0.066000 ms)

========================================================================
Received Import Request.
  path: Assets/Animations/YsMonAnim/monDown.anim
  artifactKey: Guid(bb14ab327c5d4894c8f9c315d9e70c74) Importer(815301076,1909f56bfc062723c751e8b465ee728b)
Start importing Assets/Animations/YsMonAnim/monDown.anim using Guid(bb14ab327c5d4894c8f9c315d9e70c74) Importer(815301076,1909f56bfc062723c751e8b465ee728b)  -> (artifact id: '708a7f98e5d4ac150950d882467f7513') in 0.029181 seconds
  Import took 0.047303 seconds .

========================================================================
Received Import Request.
  Time since last request: 0.000373 seconds.
  path: Assets/Animations/YsMonAnim/monDownleft.anim
  artifactKey: Guid(ac4c32645ee521e4bb895538e5daa489) Importer(815301076,1909f56bfc062723c751e8b465ee728b)
Start importing Assets/Animations/YsMonAnim/monDownleft.anim using Guid(ac4c32645ee521e4bb895538e5daa489) Importer(815301076,1909f56bfc062723c751e8b465ee728b)  -> (artifact id: '3286c96c19df49f1783fae294f851d01') in 0.004646 seconds
  Import took 0.007071 seconds .

========================================================================
Received Import Request.
  Time since last request: 0.000246 seconds.
  path: Assets/Animations/YsMonAnim/monRight.anim
  artifactKey: Guid(1232fdf16b1fca4439ab181360ef8d15) Importer(815301076,1909f56bfc062723c751e8b465ee728b)
Start importing Assets/Animations/YsMonAnim/monRight.anim using Guid(1232fdf16b1fca4439ab181360ef8d15) Importer(815301076,1909f56bfc062723c751e8b465ee728b)  -> (artifact id: '691081bce0fc1ce48994b9fab7f24521') in 0.005398 seconds
  Import took 0.007917 seconds .

========================================================================
Received Import Request.
  Time since last request: 0.000263 seconds.
  path: Assets/Animations/YsMonAnim/monDownright.anim
  artifactKey: Guid(4a8f7da1b7e33a14c80de758f2bc1007) Importer(815301076,1909f56bfc062723c751e8b465ee728b)
Start importing Assets/Animations/YsMonAnim/monDownright.anim using Guid(4a8f7da1b7e33a14c80de758f2bc1007) Importer(815301076,1909f56bfc062723c751e8b465ee728b)  -> (artifact id: '5763aa3e3553c616f2742f1ebc8e7b0c') in 0.004188 seconds
  Import took 0.008729 seconds .

========================================================================
Received Import Request.
  Time since last request: 0.000176 seconds.
  path: Assets/Animations/YsMonAnim/monLeft.anim
  artifactKey: Guid(80e123af13848a84c928654738f888b0) Importer(815301076,1909f56bfc062723c751e8b465ee728b)
Start importing Assets/Animations/YsMonAnim/monLeft.anim using Guid(80e123af13848a84c928654738f888b0) Importer(815301076,1909f56bfc062723c751e8b465ee728b)  -> (artifact id: '6100b082d07364646411d18e2d4e7678') in 0.005152 seconds
  Import took 0.013966 seconds .

========================================================================
Received Import Request.
  Time since last request: 0.177485 seconds.
  path: Assets/Animations/YsMonAnim/monUp.anim
  artifactKey: Guid(e54388d03220e064ba67850a946b9e6e) Importer(815301076,1909f56bfc062723c751e8b465ee728b)
Start importing Assets/Animations/YsMonAnim/monUp.anim using Guid(e54388d03220e064ba67850a946b9e6e) Importer(815301076,1909f56bfc062723c751e8b465ee728b)  -> (artifact id: 'b3590046cb52ec31e9f8474dc2eff8cd') in 0.004175 seconds
  Import took 0.094180 seconds .

========================================================================
Received Import Request.
  Time since last request: 0.091763 seconds.
  path: Assets/Animations/YsMonAnim/monUpleft.anim
  artifactKey: Guid(e5d9f784ae83d5748a96443db460a84d) Importer(815301076,1909f56bfc062723c751e8b465ee728b)
Start importing Assets/Animations/YsMonAnim/monUpleft.anim using Guid(e5d9f784ae83d5748a96443db460a84d) Importer(815301076,1909f56bfc062723c751e8b465ee728b)  -> (artifact id: 'ef139a6dabda3fd6657a10d0125aa5a5') in 0.004162 seconds
  Import took 0.006541 seconds .

========================================================================
Received Import Request.
  Time since last request: 0.598662 seconds.
  path: Assets/Animations/YsMonAnim/monUpright.anim
  artifactKey: Guid(102d2b53574cd4c499d9dbbcdd6f70e5) Importer(815301076,1909f56bfc062723c751e8b465ee728b)
Start importing Assets/Animations/YsMonAnim/monUpright.anim using Guid(102d2b53574cd4c499d9dbbcdd6f70e5) Importer(815301076,1909f56bfc062723c751e8b465ee728b)  -> (artifact id: '8ae356e260b120c5817362d4ea3cd4ab') in 0.004623 seconds
  Import took 0.019210 seconds .

========================================================================
Received Import Request.
  Time since last request: 0.644346 seconds.
  path: Assets/Animations/YsMonAnim/YsMonAnimator.controller
  artifactKey: Guid(2ea18bff0a86d0e43b1823723c96317c) Importer(815301076,1909f56bfc062723c751e8b465ee728b)
Start importing Assets/Animations/YsMonAnim/YsMonAnimator.controller using Guid(2ea18bff0a86d0e43b1823723c96317c) Importer(815301076,1909f56bfc062723c751e8b465ee728b)  -> (artifact id: '1f368c68f14226f478a164352aa5aaa0') in 0.007896 seconds
  Import took 0.010223 seconds .

========================================================================
Received Import Request.
  Time since last request: 2.092759 seconds.
  path: Assets/Animations/YsMonAnim
  artifactKey: Guid(586bfe03a8b13a84abea497f0bbb652e) Importer(815301076,1909f56bfc062723c751e8b465ee728b)
Start importing Assets/Animations/YsMonAnim using Guid(586bfe03a8b13a84abea497f0bbb652e) Importer(815301076,1909f56bfc062723c751e8b465ee728b)  -> (artifact id: 'adf0e9851f88a7bb078f9e7471da6581') in 0.003390 seconds
  Import took 0.005772 seconds .

========================================================================
Received Import Request.
  Time since last request: 0.000305 seconds.
  path: Assets/Animations/YsMonAnim
  artifactKey: Guid(586bfe03a8b13a84abea497f0bbb652e) Importer(815301076,1909f56bfc062723c751e8b465ee728b)
Start importing Assets/Animations/YsMonAnim using Guid(586bfe03a8b13a84abea497f0bbb652e) Importer(815301076,1909f56bfc062723c751e8b465ee728b)  -> (artifact id: 'adf0e9851f88a7bb078f9e7471da6581') in 0.003236 seconds
  Import took 0.018028 seconds .

========================================================================
Received Import Request.
  Time since last request: 16.269305 seconds.
  path: Assets/Animations/YsMonAnim/monAttack.anim
  artifactKey: Guid(fce340fe529487a4baca48ba60fdece6) Importer(815301076,1909f56bfc062723c751e8b465ee728b)
Start importing Assets/Animations/YsMonAnim/monAttack.anim using Guid(fce340fe529487a4baca48ba60fdece6) Importer(815301076,1909f56bfc062723c751e8b465ee728b)  -> (artifact id: '7c91072787c53fe15401cee1e4661906') in 0.004971 seconds
  Import took 0.016237 seconds .

AssetImportWorkerClient::OnTransportError - code=2 error=End of file
